<testsuites id="" name="" tests="15" failures="5" skipped="0" errors="0" time="71.670652">
<testsuite name="calculator.spec.ts" timestamp="2025-04-04T14:22:07.884Z" hostname="chromium" tests="3" failures="0" skipped="0" time="19.217" errors="0">
<testcase name="smoke › should open the calculator URL" classname="calculator.spec.ts" time="3.24">
</testcase>
<testcase name="smoke › should add new entities to calculator" classname="calculator.spec.ts" time="7.029">
</testcase>
<testcase name="smoke › should correctly add two new instances" classname="calculator.spec.ts" time="8.948">
</testcase>
</testsuite>
<testsuite name="pricing.spec.ts" timestamp="2025-04-04T14:22:07.884Z" hostname="chromium" tests="2" failures="0" skipped="0" time="12.642" errors="0">
<testcase name="smoke › should open pricing page" classname="pricing.spec.ts" time="6.136">
</testcase>
<testcase name="smoke › clicking on Request Quote button redirects to support page" classname="pricing.spec.ts" time="6.506">
</testcase>
</testsuite>
<testsuite name="calculator.spec.ts" timestamp="2025-04-04T14:22:07.884Z" hostname="firefox" tests="3" failures="3" skipped="0" time="90.081" errors="0">
<testcase name="smoke › should open the calculator URL" classname="calculator.spec.ts" time="30.021">
<failure message="calculator.spec.ts:14:5 should open the calculator URL" type="FAILURE">
<![CDATA[  [firefox] › calculator.spec.ts:14:5 › smoke › should open the calculator URL ─────────────────────

    Test timeout of 30000ms exceeded while running "beforeEach" hook.

       6 |     let calculatorPage: CalculatorPage;
       7 |
    >  8 |     test.beforeEach(async ({ page }) => {
         |          ^
       9 |         calculatorPage = new CalculatorPage(page);
      10 |         await calculatorPage.open();
      11 |         await calculatorPage.acceptCookiesIfAppear();
        at C:\Users\Muhammadsolih\WebstormProjects\Playwright Playground\Google_Cloud_Project_phase_2\src\tests\calculator.spec.ts:8:10

    Error: browserContext.newPage: Test timeout of 30000ms exceeded.
]]>
</failure>
</testcase>
<testcase name="smoke › should add new entities to calculator" classname="calculator.spec.ts" time="30.03">
<failure message="calculator.spec.ts:19:5 should add new entities to calculator" type="FAILURE">
<![CDATA[  [firefox] › calculator.spec.ts:19:5 › smoke › should add new entities to calculator ──────────────

    Test timeout of 30000ms exceeded while running "beforeEach" hook.

       6 |     let calculatorPage: CalculatorPage;
       7 |
    >  8 |     test.beforeEach(async ({ page }) => {
         |          ^
       9 |         calculatorPage = new CalculatorPage(page);
      10 |         await calculatorPage.open();
      11 |         await calculatorPage.acceptCookiesIfAppear();
        at C:\Users\Muhammadsolih\WebstormProjects\Playwright Playground\Google_Cloud_Project_phase_2\src\tests\calculator.spec.ts:8:10

    Error: browserContext.newPage: Test timeout of 30000ms exceeded.
]]>
</failure>
</testcase>
<testcase name="smoke › should correctly add two new instances" classname="calculator.spec.ts" time="30.03">
<failure message="calculator.spec.ts:26:5 should correctly add two new instances" type="FAILURE">
<![CDATA[  [firefox] › calculator.spec.ts:26:5 › smoke › should correctly add two new instances ─────────────

    Test timeout of 30000ms exceeded while running "beforeEach" hook.

       6 |     let calculatorPage: CalculatorPage;
       7 |
    >  8 |     test.beforeEach(async ({ page }) => {
         |          ^
       9 |         calculatorPage = new CalculatorPage(page);
      10 |         await calculatorPage.open();
      11 |         await calculatorPage.acceptCookiesIfAppear();
        at C:\Users\Muhammadsolih\WebstormProjects\Playwright Playground\Google_Cloud_Project_phase_2\src\tests\calculator.spec.ts:8:10

    Error: browserContext.newPage: Test timeout of 30000ms exceeded.
]]>
</failure>
</testcase>
</testsuite>
<testsuite name="pricing.spec.ts" timestamp="2025-04-04T14:22:07.884Z" hostname="firefox" tests="2" failures="2" skipped="0" time="60.079" errors="0">
<testcase name="smoke › should open pricing page" classname="pricing.spec.ts" time="30.031">
<failure message="pricing.spec.ts:15:5 should open pricing page" type="FAILURE">
<![CDATA[  [firefox] › pricing.spec.ts:15:5 › smoke › should open pricing page ──────────────────────────────

    Test timeout of 30000ms exceeded while running "beforeEach" hook.

       7 |     let supportPage: SupportPage;
       8 |
    >  9 |     test.beforeEach(async ({ page }) => {
         |          ^
      10 |         pricingPage = new PricingPage(page);
      11 |         supportPage = new SupportPage(page);
      12 |         await pricingPage.open();
        at C:\Users\Muhammadsolih\WebstormProjects\Playwright Playground\Google_Cloud_Project_phase_2\src\tests\pricing.spec.ts:9:10

    Error: browserContext.newPage: Test timeout of 30000ms exceeded.
]]>
</failure>
</testcase>
<testcase name="smoke › clicking on Request Quote button redirects to support page" classname="pricing.spec.ts" time="30.048">
<failure message="pricing.spec.ts:20:5 clicking on Request Quote button redirects to support page" type="FAILURE">
<![CDATA[  [firefox] › pricing.spec.ts:20:5 › smoke › clicking on Request Quote button redirects to support page 

    Test timeout of 30000ms exceeded while running "beforeEach" hook.

       7 |     let supportPage: SupportPage;
       8 |
    >  9 |     test.beforeEach(async ({ page }) => {
         |          ^
      10 |         pricingPage = new PricingPage(page);
      11 |         supportPage = new SupportPage(page);
      12 |         await pricingPage.open();
        at C:\Users\Muhammadsolih\WebstormProjects\Playwright Playground\Google_Cloud_Project_phase_2\src\tests\pricing.spec.ts:9:10

    Error: browserContext.newPage: Test timeout of 30000ms exceeded.
]]>
</failure>
</testcase>
</testsuite>
<testsuite name="calculator.spec.ts" timestamp="2025-04-04T14:22:07.884Z" hostname="webkit" tests="3" failures="0" skipped="0" time="26.17" errors="0">
<testcase name="smoke › should open the calculator URL" classname="calculator.spec.ts" time="5.469">
</testcase>
<testcase name="smoke › should add new entities to calculator" classname="calculator.spec.ts" time="9.081">
</testcase>
<testcase name="smoke › should correctly add two new instances" classname="calculator.spec.ts" time="11.62">
</testcase>
</testsuite>
<testsuite name="pricing.spec.ts" timestamp="2025-04-04T14:22:07.884Z" hostname="webkit" tests="2" failures="0" skipped="0" time="14.407" errors="0">
<testcase name="smoke › should open pricing page" classname="pricing.spec.ts" time="6.253">
</testcase>
<testcase name="smoke › clicking on Request Quote button redirects to support page" classname="pricing.spec.ts" time="8.154">
</testcase>
</testsuite>
</testsuites>